[debug] [2022-04-26T14:50:01.544Z] ----------------------------------------------------------------------
[debug] [2022-04-26T14:50:01.547Z] Command:       C:\Program Files\nodejs\node.exe C:\Users\acer\AppData\Roaming\npm\node_modules\firebase-tools\lib\bin\firebase.js init
[debug] [2022-04-26T14:50:01.547Z] CLI Version:   10.7.1
[debug] [2022-04-26T14:50:01.547Z] Platform:      win32
[debug] [2022-04-26T14:50:01.547Z] Node Version:  v16.10.0
[debug] [2022-04-26T14:50:01.549Z] Time:          Tue Apr 26 2022 15:50:01 GMT+0100 (British Summer Time)
[debug] [2022-04-26T14:50:01.549Z] ----------------------------------------------------------------------
[debug] 
[debug] [2022-04-26T14:50:01.558Z] > command requires scopes: ["email","openid","https://www.googleapis.com/auth/cloudplatformprojects.readonly","https://www.googleapis.com/auth/firebase","https://www.googleapis.com/auth/cloud-platform"]
[debug] [2022-04-26T14:50:01.558Z] > authorizing via signed-in user (quebert88@gmail.com)
[info] 
     ######## #### ########  ######## ########     ###     ######  ########
     ##        ##  ##     ## ##       ##     ##  ##   ##  ##       ##
     ######    ##  ########  ######   ########  #########  ######  ######
     ##        ##  ##    ##  ##       ##     ## ##     ##       ## ##
     ##       #### ##     ## ######## ########  ##     ##  ######  ########

You're about to initialize a Firebase project in this directory:

  C:\Working\interview Projects\Openkit\openkit-app

Before we get started, keep in mind:

  * You are currently outside your home directory

